<?xml version="1.0" encoding="UTF-8"?>
<coverage generated="1681920759309" clover="3.2.0">
  <project timestamp="1681920759309" name="All files">
    <metrics statements="14" coveredstatements="11" conditionals="12" coveredconditionals="6" methods="2" coveredmethods="2" elements="28" coveredelements="19" complexity="0" loc="14" ncloc="14" packages="1" files="2" classes="2"/>
    <file name="removeZ.js" path="C:\Users\ПК\Desktop\2 семестр\Tests\JestApp\src\removeZ.js">
      <metrics statements="4" coveredstatements="4" conditionals="0" coveredconditionals="0" methods="1" coveredmethods="1"/>
      <line num="3" count="4" type="stmt"/>
      <line num="5" count="1" type="stmt"/>
      <line num="7" count="1" type="stmt"/>
      <line num="8" count="1" type="stmt"/>
    </file>
    <file name="test2.js" path="C:\Users\ПК\Desktop\2 семестр\Tests\JestApp\src\test2.js">
      <metrics statements="10" coveredstatements="7" conditionals="12" coveredconditionals="6" methods="1" coveredmethods="1"/>
      <line num="1" count="1" type="stmt"/>
      <line num="5" count="4" type="cond" truecount="2" falsecount="0"/>
      <line num="6" count="3" type="stmt"/>
      <line num="7" count="1" type="cond" truecount="1" falsecount="1"/>
      <line num="8" count="0" type="stmt"/>
      <line num="9" count="1" type="cond" truecount="3" falsecount="1"/>
      <line num="10" count="1" type="stmt"/>
      <line num="11" count="0" type="cond" truecount="0" falsecount="4"/>
      <line num="12" count="0" type="stmt"/>
      <line num="15" count="1" type="stmt"/>
    </file>
  </project>
</coverage>
