{"C:\\Users\\ПК\\Desktop\\2 семестр\\Tests\\JestApp\\src\\removeZ.js": {"path":"C:\\Users\\ПК\\Desktop\\2 семестр\\Tests\\JestApp\\src\\removeZ.js","statementMap":{"0":{"start":{"line":3,"column":2},"end":{"line":3,"column":76}},"1":{"start":{"line":5,"column":17},"end":{"line":5,"column":44}},"2":{"start":{"line":7,"column":1},"end":{"line":7,"column":39}},"3":{"start":{"line":8,"column":1},"end":{"line":8,"column":34}}},"fnMap":{"0":{"name":"mergeAndRemoveZ","decl":{"start":{"line":2,"column":9},"end":{"line":2,"column":24}},"loc":{"start":{"line":2,"column":30},"end":{"line":4,"column":1}},"line":2}},"branchMap":{},"s":{"0":4,"1":1,"2":1,"3":1},"f":{"0":4},"b":{},"_coverageSchema":"1a1c01bbd47fc00a2c39e90264f33305004495a9","hash":"2f4b153554666ddb5b014b11d34d5c0a9ab106f9"}
,"C:\\Users\\ПК\\Desktop\\2 семестр\\Tests\\JestApp\\src\\test2.js": {"path":"C:\\Users\\ПК\\Desktop\\2 семестр\\Tests\\JestApp\\src\\test2.js","statementMap":{"0":{"start":{"line":1,"column":29},"end":{"line":3,"column":33}},"1":{"start":{"line":5,"column":3},"end":{"line":13,"column":4}},"2":{"start":{"line":6,"column":5},"end":{"line":6,"column":40}},"3":{"start":{"line":7,"column":10},"end":{"line":13,"column":4}},"4":{"start":{"line":8,"column":5},"end":{"line":8,"column":40}},"5":{"start":{"line":9,"column":10},"end":{"line":13,"column":4}},"6":{"start":{"line":10,"column":5},"end":{"line":10,"column":41}},"7":{"start":{"line":11,"column":9},"end":{"line":13,"column":4}},"8":{"start":{"line":12,"column":4},"end":{"line":12,"column":40}},"9":{"start":{"line":15,"column":0},"end":{"line":15,"column":39}}},"fnMap":{"0":{"name":"checkLoginAndPassword","decl":{"start":{"line":4,"column":9},"end":{"line":4,"column":30}},"loc":{"start":{"line":4,"column":47},"end":{"line":14,"column":2}},"line":4}},"branchMap":{"0":{"loc":{"start":{"line":5,"column":3},"end":{"line":13,"column":4}},"type":"if","locations":[{"start":{"line":5,"column":3},"end":{"line":13,"column":4}},{"start":{"line":7,"column":10},"end":{"line":13,"column":4}}],"line":5},"1":{"loc":{"start":{"line":7,"column":10},"end":{"line":13,"column":4}},"type":"if","locations":[{"start":{"line":7,"column":10},"end":{"line":13,"column":4}},{"start":{"line":9,"column":10},"end":{"line":13,"column":4}}],"line":7},"2":{"loc":{"start":{"line":9,"column":10},"end":{"line":13,"column":4}},"type":"if","locations":[{"start":{"line":9,"column":10},"end":{"line":13,"column":4}},{"start":{"line":11,"column":9},"end":{"line":13,"column":4}}],"line":9},"3":{"loc":{"start":{"line":9,"column":13},"end":{"line":9,"column":48}},"type":"binary-expr","locations":[{"start":{"line":9,"column":13},"end":{"line":9,"column":28}},{"start":{"line":9,"column":32},"end":{"line":9,"column":48}}],"line":9},"4":{"loc":{"start":{"line":11,"column":9},"end":{"line":13,"column":4}},"type":"if","locations":[{"start":{"line":11,"column":9},"end":{"line":13,"column":4}},{"start":{},"end":{}}],"line":11},"5":{"loc":{"start":{"line":11,"column":13},"end":{"line":11,"column":52}},"type":"binary-expr","locations":[{"start":{"line":11,"column":13},"end":{"line":11,"column":30}},{"start":{"line":11,"column":34},"end":{"line":11,"column":52}}],"line":11}},"s":{"0":1,"1":4,"2":3,"3":1,"4":0,"5":1,"6":1,"7":0,"8":0,"9":1},"f":{"0":4},"b":{"0":[3,1],"1":[0,1],"2":[1,0],"3":[1,1],"4":[0,0],"5":[0,0]},"_coverageSchema":"1a1c01bbd47fc00a2c39e90264f33305004495a9","hash":"60493b7005fcdcc766c0db7107ad220b8096beec"}
}
