TN:
SF:src\removeZ.js
FN:2,mergeAndRemoveZ
FNF:1
FNH:1
FNDA:4,mergeAndRemoveZ
DA:3,4
DA:5,1
DA:7,1
DA:8,1
LF:4
LH:4
BRF:0
BRH:0
end_of_record
TN:
SF:src\test2.js
FN:4,checkLoginAndPassword
FNF:1
FNH:1
FNDA:4,checkLoginAndPassword
DA:1,1
DA:5,4
DA:6,3
DA:7,1
DA:8,0
DA:9,1
DA:10,1
DA:11,0
DA:12,0
DA:15,1
LF:10
LH:7
BRDA:5,0,0,3
BRDA:5,0,1,1
BRDA:7,1,0,0
BRDA:7,1,1,1
BRDA:9,2,0,1
BRDA:9,2,1,0
BRDA:9,3,0,1
BRDA:9,3,1,1
BRDA:11,4,0,0
BRDA:11,4,1,0
BRDA:11,5,0,0
BRDA:11,5,1,0
BRF:12
BRH:6
end_of_record
